/home/lydia-chheng/.local/lib/python3.10/site-packages/setuptools/_distutils/dist.py:261: UserWarning: Unknown distribution option: 'tests_require'
  warnings.warn(msg)
running egg_info
writing ../../build/robot/robot.egg-info/PKG-INFO
writing dependency_links to ../../build/robot/robot.egg-info/dependency_links.txt
writing entry points to ../../build/robot/robot.egg-info/entry_points.txt
writing requirements to ../../build/robot/robot.egg-info/requires.txt
writing top-level names to ../../build/robot/robot.egg-info/top_level.txt
reading manifest file '../../build/robot/robot.egg-info/SOURCES.txt'
adding license file 'LICENSE'
writing manifest file '../../build/robot/robot.egg-info/SOURCES.txt'
running build
running build_py
copying robot/__init__.py -> /home/lydia-chheng/urdf_ws/build/robot/build/lib/robot
copying robot/Odom_subscriber.py -> /home/lydia-chheng/urdf_ws/build/robot/build/lib/robot
copying robot/Odom_publisher.py -> /home/lydia-chheng/urdf_ws/build/robot/build/lib/robot
running install
running install_lib
copying /home/lydia-chheng/urdf_ws/build/robot/build/lib/robot/Odom_publisher.py -> /home/lydia-chheng/urdf_ws/install/robot/lib/python3.10/site-packages/robot
byte-compiling /home/lydia-chheng/urdf_ws/install/robot/lib/python3.10/site-packages/robot/Odom_publisher.py to Odom_publisher.cpython-310.pyc
running install_data
copying resource/robot -> /home/lydia-chheng/urdf_ws/install/robot/share/ament_index/resource_index/packages
copying package.xml -> /home/lydia-chheng/urdf_ws/install/robot/share/robot
copying launch/display.launch.py -> /home/lydia-chheng/urdf_ws/install/robot/share/robot/launch
copying urdf/robot.urdf -> /home/lydia-chheng/urdf_ws/install/robot/share/robot/urdf
copying rviz/display_config.rviz -> /home/lydia-chheng/urdf_ws/install/robot/share/robot/rviz
running install_egg_info
removing '/home/lydia-chheng/urdf_ws/install/robot/lib/python3.10/site-packages/robot-0.0.0-py3.10.egg-info' (and everything under it)
Copying ../../build/robot/robot.egg-info to /home/lydia-chheng/urdf_ws/install/robot/lib/python3.10/site-packages/robot-0.0.0-py3.10.egg-info
running install_scripts
Installing odometry_publisher script to /home/lydia-chheng/urdf_ws/install/robot/lib/robot
Installing odometry_subscriber script to /home/lydia-chheng/urdf_ws/install/robot/lib/robot
writing list of installed files to '/home/lydia-chheng/urdf_ws/build/robot/install.log'
