[1.718s] Invoking command in '/home/lydia-chheng/urdf_ws/src/robot': PYTHONPATH=/home/lydia-chheng/urdf_ws/build/robot/prefix_override:/usr/lib/python3/dist-packages/colcon_core/task/python/colcon_distutils_commands:/home/lydia-chheng/urdf_ws/install/robot/lib/python3.10/site-packages:${PYTHONPATH} /usr/bin/python3 -W ignore:setup.py install is deprecated -W ignore:easy_install command is deprecated setup.py egg_info --egg-base ../../build/robot build --build-base /home/lydia-chheng/urdf_ws/build/robot/build install --record /home/lydia-chheng/urdf_ws/build/robot/install.log --single-version-externally-managed install_data
[2.046s] /home/lydia-chheng/.local/lib/python3.10/site-packages/setuptools/_distutils/dist.py:261: UserWarning: Unknown distribution option: 'tests_require'
[2.046s]   warnings.warn(msg)
[2.280s] running egg_info
[2.325s] writing ../../build/robot/robot.egg-info/PKG-INFO
[2.326s] writing dependency_links to ../../build/robot/robot.egg-info/dependency_links.txt
[2.327s] writing entry points to ../../build/robot/robot.egg-info/entry_points.txt
[2.327s] writing requirements to ../../build/robot/robot.egg-info/requires.txt
[2.328s] writing top-level names to ../../build/robot/robot.egg-info/top_level.txt
[2.420s] reading manifest file '../../build/robot/robot.egg-info/SOURCES.txt'
[2.421s] adding license file 'LICENSE'
[2.423s] writing manifest file '../../build/robot/robot.egg-info/SOURCES.txt'
[2.424s] running build
[2.426s] running build_py
[2.426s] copying robot/__init__.py -> /home/lydia-chheng/urdf_ws/build/robot/build/lib/robot
[2.426s] copying robot/Odom_subscriber.py -> /home/lydia-chheng/urdf_ws/build/robot/build/lib/robot
[2.427s] copying robot/Odom_publisher.py -> /home/lydia-chheng/urdf_ws/build/robot/build/lib/robot
[2.427s] running install
[2.440s] running install_lib
[2.482s] copying /home/lydia-chheng/urdf_ws/build/robot/build/lib/robot/Odom_publisher.py -> /home/lydia-chheng/urdf_ws/install/robot/lib/python3.10/site-packages/robot
[2.484s] byte-compiling /home/lydia-chheng/urdf_ws/install/robot/lib/python3.10/site-packages/robot/Odom_publisher.py to Odom_publisher.cpython-310.pyc
[2.485s] running install_data
[2.486s] copying resource/robot -> /home/lydia-chheng/urdf_ws/install/robot/share/ament_index/resource_index/packages
[2.486s] copying package.xml -> /home/lydia-chheng/urdf_ws/install/robot/share/robot
[2.487s] copying launch/display.launch.py -> /home/lydia-chheng/urdf_ws/install/robot/share/robot/launch
[2.487s] copying urdf/robot.urdf -> /home/lydia-chheng/urdf_ws/install/robot/share/robot/urdf
[2.488s] copying rviz/display_config.rviz -> /home/lydia-chheng/urdf_ws/install/robot/share/robot/rviz
[2.488s] running install_egg_info
[2.536s] removing '/home/lydia-chheng/urdf_ws/install/robot/lib/python3.10/site-packages/robot-0.0.0-py3.10.egg-info' (and everything under it)
[2.537s] Copying ../../build/robot/robot.egg-info to /home/lydia-chheng/urdf_ws/install/robot/lib/python3.10/site-packages/robot-0.0.0-py3.10.egg-info
[2.539s] running install_scripts
[2.845s] Installing odometry_publisher script to /home/lydia-chheng/urdf_ws/install/robot/lib/robot
[2.845s] Installing odometry_subscriber script to /home/lydia-chheng/urdf_ws/install/robot/lib/robot
[2.846s] writing list of installed files to '/home/lydia-chheng/urdf_ws/build/robot/install.log'
[2.892s] Invoked command in '/home/lydia-chheng/urdf_ws/src/robot' returned '0': PYTHONPATH=/home/lydia-chheng/urdf_ws/build/robot/prefix_override:/usr/lib/python3/dist-packages/colcon_core/task/python/colcon_distutils_commands:/home/lydia-chheng/urdf_ws/install/robot/lib/python3.10/site-packages:${PYTHONPATH} /usr/bin/python3 -W ignore:setup.py install is deprecated -W ignore:easy_install command is deprecated setup.py egg_info --egg-base ../../build/robot build --build-base /home/lydia-chheng/urdf_ws/build/robot/build install --record /home/lydia-chheng/urdf_ws/build/robot/install.log --single-version-externally-managed install_data
