[1.447s] Invoking command in '/home/lydia-chheng/urdf_ws/src/robot': PYTHONPATH=/home/lydia-chheng/urdf_ws/build/robot/prefix_override:/usr/lib/python3/dist-packages/colcon_core/task/python/colcon_distutils_commands:/home/lydia-chheng/urdf_ws/install/robot/lib/python3.10/site-packages:${PYTHONPATH} /usr/bin/python3 -W ignore:setup.py install is deprecated -W ignore:easy_install command is deprecated setup.py egg_info --egg-base ../../build/robot build --build-base /home/lydia-chheng/urdf_ws/build/robot/build install --record /home/lydia-chheng/urdf_ws/build/robot/install.log --single-version-externally-managed install_data
[1.720s] /home/lydia-chheng/.local/lib/python3.10/site-packages/setuptools/_distutils/dist.py:261: UserWarning: Unknown distribution option: 'tests_require'
[1.720s]   warnings.warn(msg)
[1.914s] running egg_info
[1.947s] creating ../../build/robot/robot.egg-info
[1.948s] writing ../../build/robot/robot.egg-info/PKG-INFO
[1.948s] writing dependency_links to ../../build/robot/robot.egg-info/dependency_links.txt
[1.949s] writing requirements to ../../build/robot/robot.egg-info/requires.txt
[1.949s] writing top-level names to ../../build/robot/robot.egg-info/top_level.txt
[1.950s] writing manifest file '../../build/robot/robot.egg-info/SOURCES.txt'
[2.014s] reading manifest file '../../build/robot/robot.egg-info/SOURCES.txt'
[2.015s] adding license file 'LICENSE'
[2.016s] writing manifest file '../../build/robot/robot.egg-info/SOURCES.txt'
[2.018s] running build
[2.018s] running build_py
[2.019s] creating /home/lydia-chheng/urdf_ws/build/robot/build/lib/robot
[2.019s] copying robot/__init__.py -> /home/lydia-chheng/urdf_ws/build/robot/build/lib/robot
[2.019s] running install
[2.027s] running install_lib
[2.059s] creating /home/lydia-chheng/urdf_ws/install/robot/lib/python3.10/site-packages/robot
[2.059s] copying /home/lydia-chheng/urdf_ws/build/robot/build/lib/robot/__init__.py -> /home/lydia-chheng/urdf_ws/install/robot/lib/python3.10/site-packages/robot
[2.060s] byte-compiling /home/lydia-chheng/urdf_ws/install/robot/lib/python3.10/site-packages/robot/__init__.py to __init__.cpython-310.pyc
[2.060s] running install_data
[2.061s] creating /home/lydia-chheng/urdf_ws/install/robot/share/ament_index/resource_index/packages
[2.061s] copying resource/robot -> /home/lydia-chheng/urdf_ws/install/robot/share/ament_index/resource_index/packages
[2.062s] creating /home/lydia-chheng/urdf_ws/install/robot/share/robot
[2.062s] copying package.xml -> /home/lydia-chheng/urdf_ws/install/robot/share/robot
[2.062s] running install_egg_info
[2.101s] Copying ../../build/robot/robot.egg-info to /home/lydia-chheng/urdf_ws/install/robot/lib/python3.10/site-packages/robot-0.0.0-py3.10.egg-info
[2.102s] running install_scripts
[2.356s] writing list of installed files to '/home/lydia-chheng/urdf_ws/build/robot/install.log'
[2.398s] Invoked command in '/home/lydia-chheng/urdf_ws/src/robot' returned '0': PYTHONPATH=/home/lydia-chheng/urdf_ws/build/robot/prefix_override:/usr/lib/python3/dist-packages/colcon_core/task/python/colcon_distutils_commands:/home/lydia-chheng/urdf_ws/install/robot/lib/python3.10/site-packages:${PYTHONPATH} /usr/bin/python3 -W ignore:setup.py install is deprecated -W ignore:easy_install command is deprecated setup.py egg_info --egg-base ../../build/robot build --build-base /home/lydia-chheng/urdf_ws/build/robot/build install --record /home/lydia-chheng/urdf_ws/build/robot/install.log --single-version-externally-managed install_data
