running develop
Removing /home/lydia-chheng/urdf_ws/install/urdf/lib/python3.10/site-packages/urdf.egg-link (link to .)
running egg_info
writing ../../build/urdf/urdf.egg-info/PKG-INFO
writing dependency_links to ../../build/urdf/urdf.egg-info/dependency_links.txt
writing requirements to ../../build/urdf/urdf.egg-info/requires.txt
writing top-level names to ../../build/urdf/urdf.egg-info/top_level.txt
reading manifest file '../../build/urdf/urdf.egg-info/SOURCES.txt'
adding license file 'LICENSE'
writing manifest file '../../build/urdf/urdf.egg-info/SOURCES.txt'
running build
running build_py
creating /home/lydia-chheng/urdf_ws/build/urdf/build/lib/urdf
copying urdf/__init__.py -> /home/lydia-chheng/urdf_ws/build/urdf/build/lib/urdf
running install
running install_lib
creating /home/lydia-chheng/urdf_ws/install/urdf/lib/python3.10/site-packages/urdf
copying /home/lydia-chheng/urdf_ws/build/urdf/build/lib/urdf/__init__.py -> /home/lydia-chheng/urdf_ws/install/urdf/lib/python3.10/site-packages/urdf
byte-compiling /home/lydia-chheng/urdf_ws/install/urdf/lib/python3.10/site-packages/urdf/__init__.py to __init__.cpython-310.pyc
running install_data
copying resource/urdf -> /home/lydia-chheng/urdf_ws/install/urdf/share/ament_index/resource_index/packages
copying package.xml -> /home/lydia-chheng/urdf_ws/install/urdf/share/urdf
copying launch/demo_launch.py -> /home/lydia-chheng/urdf_ws/install/urdf/share/urdf/launch
copying urdf/__init__.py -> /home/lydia-chheng/urdf_ws/install/urdf/share/urdf
copying urdf/r2d2.urdf.xml -> /home/lydia-chheng/urdf_ws/install/urdf/share/urdf
copying urdf/r2d2.rviz -> /home/lydia-chheng/urdf_ws/install/urdf/share/urdf
running install_egg_info
Copying ../../build/urdf/urdf.egg-info to /home/lydia-chheng/urdf_ws/install/urdf/lib/python3.10/site-packages/urdf-0.0.0-py3.10.egg-info
running install_scripts
writing list of installed files to '/home/lydia-chheng/urdf_ws/build/urdf/install.log'
