/home/lydia-chheng/urdf_ws/install/robot/lib/python3.10/site-packages/robot/__init__.py
/home/lydia-chheng/urdf_ws/install/robot/lib/python3.10/site-packages/robot/Odom_subscriber.py
/home/lydia-chheng/urdf_ws/install/robot/lib/python3.10/site-packages/robot/Odom_publisher.py
/home/lydia-chheng/urdf_ws/install/robot/lib/python3.10/site-packages/robot/__pycache__/__init__.cpython-310.pyc
/home/lydia-chheng/urdf_ws/install/robot/lib/python3.10/site-packages/robot/__pycache__/Odom_subscriber.cpython-310.pyc
/home/lydia-chheng/urdf_ws/install/robot/lib/python3.10/site-packages/robot/__pycache__/Odom_publisher.cpython-310.pyc
/home/lydia-chheng/urdf_ws/install/robot/share/ament_index/resource_index/packages/robot
/home/lydia-chheng/urdf_ws/install/robot/share/robot/package.xml
/home/lydia-chheng/urdf_ws/install/robot/share/robot/launch/display.launch.py
/home/lydia-chheng/urdf_ws/install/robot/share/robot/urdf/robot.urdf
/home/lydia-chheng/urdf_ws/install/robot/share/robot/rviz/display_config.rviz
/home/lydia-chheng/urdf_ws/install/robot/lib/python3.10/site-packages/robot-0.0.0-py3.10.egg-info/top_level.txt
/home/lydia-chheng/urdf_ws/install/robot/lib/python3.10/site-packages/robot-0.0.0-py3.10.egg-info/zip-safe
/home/lydia-chheng/urdf_ws/install/robot/lib/python3.10/site-packages/robot-0.0.0-py3.10.egg-info/SOURCES.txt
/home/lydia-chheng/urdf_ws/install/robot/lib/python3.10/site-packages/robot-0.0.0-py3.10.egg-info/PKG-INFO
/home/lydia-chheng/urdf_ws/install/robot/lib/python3.10/site-packages/robot-0.0.0-py3.10.egg-info/dependency_links.txt
/home/lydia-chheng/urdf_ws/install/robot/lib/python3.10/site-packages/robot-0.0.0-py3.10.egg-info/requires.txt
/home/lydia-chheng/urdf_ws/install/robot/lib/python3.10/site-packages/robot-0.0.0-py3.10.egg-info/entry_points.txt
/home/lydia-chheng/urdf_ws/install/robot/lib/robot/odometry_publisher
/home/lydia-chheng/urdf_ws/install/robot/lib/robot/odometry_subscriber
