[0.024s] Invoking command in '/home/lydia-chheng/urdf_ws/build/turtlesim': AMENT_PREFIX_PATH=/home/lydia-chheng/urdf_ws/install/turtlesim_msgs:${AMENT_PREFIX_PATH} CMAKE_PREFIX_PATH=/home/lydia-chheng/urdf_ws/install/turtlesim_msgs:/opt/ros/humble LD_LIBRARY_PATH=/home/lydia-chheng/urdf_ws/install/turtlesim_msgs/lib:${LD_LIBRARY_PATH} PYTHONPATH=/home/lydia-chheng/urdf_ws/install/turtlesim_msgs/local/lib/python3.10/dist-packages:${PYTHONPATH} /usr/bin/cmake /home/lydia-chheng/urdf_ws/ros_tutorials/turtlesim -DCMAKE_INSTALL_PREFIX=/home/lydia-chheng/urdf_ws/install/turtlesim
[0.111s] -- The C compiler identification is GNU 11.4.0
[0.197s] -- The CXX compiler identification is GNU 11.4.0
[0.210s] -- Detecting C compiler ABI info
[0.319s] -- Detecting C compiler ABI info - done
[0.332s] -- Check for working C compiler: /usr/bin/cc - skipped
[0.332s] -- Detecting C compile features
[0.333s] -- Detecting C compile features - done
[0.338s] -- Detecting CXX compiler ABI info
[0.459s] -- Detecting CXX compiler ABI info - done
[0.483s] -- Check for working CXX compiler: /usr/bin/c++ - skipped
[0.484s] -- Detecting CXX compile features
[0.485s] -- Detecting CXX compile features - done
[0.490s] -- Found ament_cmake: 1.3.11 (/opt/ros/humble/share/ament_cmake/cmake)
[1.124s] -- Found Python3: /usr/bin/python3 (found version "3.10.12") found components: Interpreter 
[1.279s] -- Found ament_index_cpp: 1.4.0 (/opt/ros/humble/share/ament_index_cpp/cmake)
[1.283s] -- Found geometry_msgs: 4.2.4 (/opt/ros/humble/share/geometry_msgs/cmake)
[1.346s] -- Found rosidl_generator_c: 3.1.6 (/opt/ros/humble/share/rosidl_generator_c/cmake)
[1.354s] -- Found rosidl_adapter: 3.1.6 (/opt/ros/humble/share/rosidl_adapter/cmake)
[1.368s] -- Found rosidl_generator_cpp: 3.1.6 (/opt/ros/humble/share/rosidl_generator_cpp/cmake)
[1.389s] -- Using all available rosidl_typesupport_c: rosidl_typesupport_fastrtps_c;rosidl_typesupport_introspection_c
[1.420s] -- Using all available rosidl_typesupport_cpp: rosidl_typesupport_fastrtps_cpp;rosidl_typesupport_introspection_cpp
[1.528s] -- Found rclcpp: 16.0.11 (/opt/ros/humble/share/rclcpp/cmake)
[1.608s] -- Found rmw_implementation_cmake: 6.1.2 (/opt/ros/humble/share/rmw_implementation_cmake/cmake)
[1.615s] -- Found rmw_fastrtps_cpp: 6.2.7 (/opt/ros/humble/share/rmw_fastrtps_cpp/cmake)
[1.776s] -- Found OpenSSL: /usr/lib/x86_64-linux-gnu/libcrypto.so (found version "3.0.2")  
[1.819s] -- Found FastRTPS: /opt/ros/humble/include  
[1.881s] -- Using RMW implementation 'rmw_fastrtps_cpp' as default
[1.898s] -- Looking for pthread.h
[2.008s] -- Looking for pthread.h - found
[2.008s] -- Performing Test CMAKE_HAVE_LIBC_PTHREAD
[2.122s] -- Performing Test CMAKE_HAVE_LIBC_PTHREAD - Success
[2.124s] -- Found Threads: TRUE  
[2.205s] -- Found rclcpp_action: 16.0.11 (/opt/ros/humble/share/rclcpp_action/cmake)
[2.272s] -- Found std_srvs: 4.2.4 (/opt/ros/humble/share/std_srvs/cmake)
[2.296s] -- Found turtlesim_msgs: 1.9.2 (/home/lydia-chheng/urdf_ws/install/turtlesim_msgs/share/turtlesim_msgs/cmake)
[2.331s] -- Found ament_lint_auto: 0.12.11 (/opt/ros/humble/share/ament_lint_auto/cmake)
[2.468s] -- Added test 'copyright' to check source files copyright and LICENSE
[2.471s] -- Added test 'cppcheck' to perform static code analysis on C / C++ code
[2.472s] -- Configured cppcheck include dirs: /home/lydia-chheng/urdf_ws/ros_tutorials/turtlesim/include
[2.472s] -- Configured cppcheck exclude dirs and/or files: 
[2.475s] -- Added test 'cpplint' to check C / C++ code against the Google style
[2.475s] -- Configured cpplint exclude dirs and/or files: 
[2.476s] -- Added test 'flake8' to check Python code syntax and style conventions
[2.477s] -- Added test 'lint_cmake' to check CMake code style
[2.478s] -- Added test 'pep257' to check Python code against some of the docstring style conventions in PEP 257
[2.483s] -- Added test 'uncrustify' to check C / C++ code style
[2.483s] -- Configured uncrustify additional arguments: 
[2.485s] -- Added test 'xmllint' to check XML markup files
[2.488s] -- Configuring done
[2.542s] -- Generating done
[2.558s] -- Build files have been written to: /home/lydia-chheng/urdf_ws/build/turtlesim
[2.576s] Invoked command in '/home/lydia-chheng/urdf_ws/build/turtlesim' returned '0': AMENT_PREFIX_PATH=/home/lydia-chheng/urdf_ws/install/turtlesim_msgs:${AMENT_PREFIX_PATH} CMAKE_PREFIX_PATH=/home/lydia-chheng/urdf_ws/install/turtlesim_msgs:/opt/ros/humble LD_LIBRARY_PATH=/home/lydia-chheng/urdf_ws/install/turtlesim_msgs/lib:${LD_LIBRARY_PATH} PYTHONPATH=/home/lydia-chheng/urdf_ws/install/turtlesim_msgs/local/lib/python3.10/dist-packages:${PYTHONPATH} /usr/bin/cmake /home/lydia-chheng/urdf_ws/ros_tutorials/turtlesim -DCMAKE_INSTALL_PREFIX=/home/lydia-chheng/urdf_ws/install/turtlesim
[2.581s] Invoking command in '/home/lydia-chheng/urdf_ws/build/turtlesim': AMENT_PREFIX_PATH=/home/lydia-chheng/urdf_ws/install/turtlesim_msgs:${AMENT_PREFIX_PATH} CMAKE_PREFIX_PATH=/home/lydia-chheng/urdf_ws/install/turtlesim_msgs:/opt/ros/humble LD_LIBRARY_PATH=/home/lydia-chheng/urdf_ws/install/turtlesim_msgs/lib:${LD_LIBRARY_PATH} PYTHONPATH=/home/lydia-chheng/urdf_ws/install/turtlesim_msgs/local/lib/python3.10/dist-packages:${PYTHONPATH} /usr/bin/cmake --build /home/lydia-chheng/urdf_ws/build/turtlesim -- -j4 -l4
[2.662s] [  8%] [34m[1mGenerating include/turtlesim/moc_turtle_frame.cpp[0m
[2.678s] [ 16%] [32mBuilding CXX object CMakeFiles/turtle_teleop_key.dir/tutorials/teleop_turtle_key.cpp.o[0m
[2.681s] [ 33%] [32mBuilding CXX object CMakeFiles/draw_square.dir/tutorials/draw_square.cpp.o[0m
[2.682s] [ 33%] [32mBuilding CXX object CMakeFiles/mimic.dir/tutorials/mimic.cpp.o[0m
[2.894s] [ 41%] [32mBuilding CXX object CMakeFiles/turtlesim_node.dir/src/turtlesim.cpp.o[0m
[15.574s] [ 50%] [32mBuilding CXX object CMakeFiles/turtlesim_node.dir/src/turtle.cpp.o[0m
[20.180s] [ 58%] [32m[1mLinking CXX executable turtle_teleop_key[0m
[21.074s] [ 58%] Built target turtle_teleop_key
[21.096s] [ 66%] [32mBuilding CXX object CMakeFiles/turtlesim_node.dir/src/turtle_frame.cpp.o[0m
[27.163s] [ 75%] [32m[1mLinking CXX executable mimic[0m
[28.425s] [ 75%] Built target mimic
[28.456s] [ 83%] [32mBuilding CXX object CMakeFiles/turtlesim_node.dir/include/turtlesim/moc_turtle_frame.cpp.o[0m
[30.469s] [ 91%] [32m[1mLinking CXX executable draw_square[0m
[32.089s] [ 91%] Built target draw_square
[48.261s] [100%] [32m[1mLinking CXX executable turtlesim_node[0m
[51.726s] [100%] Built target turtlesim_node
[51.746s] Invoked command in '/home/lydia-chheng/urdf_ws/build/turtlesim' returned '0': AMENT_PREFIX_PATH=/home/lydia-chheng/urdf_ws/install/turtlesim_msgs:${AMENT_PREFIX_PATH} CMAKE_PREFIX_PATH=/home/lydia-chheng/urdf_ws/install/turtlesim_msgs:/opt/ros/humble LD_LIBRARY_PATH=/home/lydia-chheng/urdf_ws/install/turtlesim_msgs/lib:${LD_LIBRARY_PATH} PYTHONPATH=/home/lydia-chheng/urdf_ws/install/turtlesim_msgs/local/lib/python3.10/dist-packages:${PYTHONPATH} /usr/bin/cmake --build /home/lydia-chheng/urdf_ws/build/turtlesim -- -j4 -l4
[51.748s] Invoking command in '/home/lydia-chheng/urdf_ws/build/turtlesim': AMENT_PREFIX_PATH=/home/lydia-chheng/urdf_ws/install/turtlesim_msgs:${AMENT_PREFIX_PATH} CMAKE_PREFIX_PATH=/home/lydia-chheng/urdf_ws/install/turtlesim_msgs:/opt/ros/humble LD_LIBRARY_PATH=/home/lydia-chheng/urdf_ws/install/turtlesim_msgs/lib:${LD_LIBRARY_PATH} PYTHONPATH=/home/lydia-chheng/urdf_ws/install/turtlesim_msgs/local/lib/python3.10/dist-packages:${PYTHONPATH} /usr/bin/cmake --install /home/lydia-chheng/urdf_ws/build/turtlesim
[51.761s] -- Install configuration: ""
[51.761s] -- Installing: /home/lydia-chheng/urdf_ws/install/turtlesim/lib/turtlesim/turtlesim_node
[51.774s] -- Set runtime path of "/home/lydia-chheng/urdf_ws/install/turtlesim/lib/turtlesim/turtlesim_node" to ""
[51.774s] -- Installing: /home/lydia-chheng/urdf_ws/install/turtlesim/lib/turtlesim/turtle_teleop_key
[51.777s] -- Set runtime path of "/home/lydia-chheng/urdf_ws/install/turtlesim/lib/turtlesim/turtle_teleop_key" to ""
[51.777s] -- Installing: /home/lydia-chheng/urdf_ws/install/turtlesim/lib/turtlesim/draw_square
[51.783s] -- Set runtime path of "/home/lydia-chheng/urdf_ws/install/turtlesim/lib/turtlesim/draw_square" to ""
[51.784s] -- Installing: /home/lydia-chheng/urdf_ws/install/turtlesim/lib/turtlesim/mimic
[51.789s] -- Set runtime path of "/home/lydia-chheng/urdf_ws/install/turtlesim/lib/turtlesim/mimic" to ""
[51.789s] -- Installing: /home/lydia-chheng/urdf_ws/install/turtlesim/share/turtlesim/images
[51.789s] -- Installing: /home/lydia-chheng/urdf_ws/install/turtlesim/share/turtlesim/images/rolling.png
[51.789s] -- Installing: /home/lydia-chheng/urdf_ws/install/turtlesim/share/turtlesim/images/galactic.png
[51.790s] -- Installing: /home/lydia-chheng/urdf_ws/install/turtlesim/share/turtlesim/images/foxy.png
[51.790s] -- Installing: /home/lydia-chheng/urdf_ws/install/turtlesim/share/turtlesim/images/jazzy.png
[51.790s] -- Installing: /home/lydia-chheng/urdf_ws/install/turtlesim/share/turtlesim/images/humble.png
[51.790s] -- Installing: /home/lydia-chheng/urdf_ws/install/turtlesim/share/turtlesim/images/eloquent.png
[51.790s] -- Installing: /home/lydia-chheng/urdf_ws/install/turtlesim/share/turtlesim/images/bouncy.png
[51.791s] -- Installing: /home/lydia-chheng/urdf_ws/install/turtlesim/share/turtlesim/images/iron.png
[51.791s] -- Installing: /home/lydia-chheng/urdf_ws/install/turtlesim/share/turtlesim/images/crystal.png
[51.791s] -- Installing: /home/lydia-chheng/urdf_ws/install/turtlesim/share/turtlesim/images/ardent.png
[51.791s] -- Installing: /home/lydia-chheng/urdf_ws/install/turtlesim/share/turtlesim/images/dashing.png
[51.792s] -- Installing: /home/lydia-chheng/urdf_ws/install/turtlesim/share/turtlesim/launch
[51.792s] -- Installing: /home/lydia-chheng/urdf_ws/install/turtlesim/share/turtlesim/launch/multisim.launch.py
[51.792s] -- Installing: /home/lydia-chheng/urdf_ws/install/turtlesim/share/ament_index/resource_index/package_run_dependencies/turtlesim
[51.792s] -- Installing: /home/lydia-chheng/urdf_ws/install/turtlesim/share/ament_index/resource_index/parent_prefix_path/turtlesim
[51.793s] -- Installing: /home/lydia-chheng/urdf_ws/install/turtlesim/share/turtlesim/environment/ament_prefix_path.sh
[51.793s] -- Installing: /home/lydia-chheng/urdf_ws/install/turtlesim/share/turtlesim/environment/ament_prefix_path.dsv
[51.794s] -- Installing: /home/lydia-chheng/urdf_ws/install/turtlesim/share/turtlesim/environment/path.sh
[51.794s] -- Installing: /home/lydia-chheng/urdf_ws/install/turtlesim/share/turtlesim/environment/path.dsv
[51.795s] -- Installing: /home/lydia-chheng/urdf_ws/install/turtlesim/share/turtlesim/local_setup.bash
[51.795s] -- Installing: /home/lydia-chheng/urdf_ws/install/turtlesim/share/turtlesim/local_setup.sh
[51.795s] -- Installing: /home/lydia-chheng/urdf_ws/install/turtlesim/share/turtlesim/local_setup.zsh
[51.795s] -- Installing: /home/lydia-chheng/urdf_ws/install/turtlesim/share/turtlesim/local_setup.dsv
[51.795s] -- Installing: /home/lydia-chheng/urdf_ws/install/turtlesim/share/turtlesim/package.dsv
[51.795s] -- Installing: /home/lydia-chheng/urdf_ws/install/turtlesim/share/ament_index/resource_index/packages/turtlesim
[51.796s] -- Installing: /home/lydia-chheng/urdf_ws/install/turtlesim/share/turtlesim/cmake/turtlesimConfig.cmake
[51.796s] -- Installing: /home/lydia-chheng/urdf_ws/install/turtlesim/share/turtlesim/cmake/turtlesimConfig-version.cmake
[51.796s] -- Installing: /home/lydia-chheng/urdf_ws/install/turtlesim/share/turtlesim/package.xml
[51.800s] Invoked command in '/home/lydia-chheng/urdf_ws/build/turtlesim' returned '0': AMENT_PREFIX_PATH=/home/lydia-chheng/urdf_ws/install/turtlesim_msgs:${AMENT_PREFIX_PATH} CMAKE_PREFIX_PATH=/home/lydia-chheng/urdf_ws/install/turtlesim_msgs:/opt/ros/humble LD_LIBRARY_PATH=/home/lydia-chheng/urdf_ws/install/turtlesim_msgs/lib:${LD_LIBRARY_PATH} PYTHONPATH=/home/lydia-chheng/urdf_ws/install/turtlesim_msgs/local/lib/python3.10/dist-packages:${PYTHONPATH} /usr/bin/cmake --install /home/lydia-chheng/urdf_ws/build/turtlesim
