[1.664s] Invoking command in '/home/lydia-chheng/urdf_ws/build/robot': PYTHONPATH=/home/lydia-chheng/urdf_ws/build/robot/prefix_override:/usr/lib/python3/dist-packages/colcon_core/task/python/colcon_distutils_commands:/home/lydia-chheng/urdf_ws/install/robot/lib/python3.10/site-packages:${PYTHONPATH} /usr/bin/python3 -W ignore:setup.py install is deprecated -W ignore:easy_install command is deprecated setup.py develop --uninstall --editable --build-directory /home/lydia-chheng/urdf_ws/build/robot/build
[2.017s] /home/lydia-chheng/.local/lib/python3.10/site-packages/setuptools/_distutils/dist.py:261: UserWarning: Unknown distribution option: 'tests_require'
[2.017s]   warnings.warn(msg)
[2.393s] running develop
[2.948s] Removing /home/lydia-chheng/urdf_ws/install/robot/lib/python3.10/site-packages/robot.egg-link (link to .)
[3.004s] Invoked command in '/home/lydia-chheng/urdf_ws/build/robot' returned '0': PYTHONPATH=/home/lydia-chheng/urdf_ws/build/robot/prefix_override:/usr/lib/python3/dist-packages/colcon_core/task/python/colcon_distutils_commands:/home/lydia-chheng/urdf_ws/install/robot/lib/python3.10/site-packages:${PYTHONPATH} /usr/bin/python3 -W ignore:setup.py install is deprecated -W ignore:easy_install command is deprecated setup.py develop --uninstall --editable --build-directory /home/lydia-chheng/urdf_ws/build/robot/build
[3.007s] Invoking command in '/home/lydia-chheng/urdf_ws/src/robot': PYTHONPATH=/home/lydia-chheng/urdf_ws/build/robot/prefix_override:/usr/lib/python3/dist-packages/colcon_core/task/python/colcon_distutils_commands:/home/lydia-chheng/urdf_ws/install/robot/lib/python3.10/site-packages:${PYTHONPATH} /usr/bin/python3 -W ignore:setup.py install is deprecated -W ignore:easy_install command is deprecated setup.py egg_info --egg-base ../../build/robot build --build-base /home/lydia-chheng/urdf_ws/build/robot/build install --record /home/lydia-chheng/urdf_ws/build/robot/install.log --single-version-externally-managed install_data --force
[3.349s] /home/lydia-chheng/.local/lib/python3.10/site-packages/setuptools/_distutils/dist.py:261: UserWarning: Unknown distribution option: 'tests_require'
[3.349s]   warnings.warn(msg)
[3.589s] running egg_info
[3.622s] writing ../../build/robot/robot.egg-info/PKG-INFO
[3.622s] writing dependency_links to ../../build/robot/robot.egg-info/dependency_links.txt
[3.623s] writing requirements to ../../build/robot/robot.egg-info/requires.txt
[3.623s] writing top-level names to ../../build/robot/robot.egg-info/top_level.txt
[3.697s] reading manifest file '../../build/robot/robot.egg-info/SOURCES.txt'
[3.698s] adding license file 'LICENSE'
[3.700s] writing manifest file '../../build/robot/robot.egg-info/SOURCES.txt'
[3.701s] running build
[3.701s] running build_py
[3.701s] copying robot/__init__.py -> /home/lydia-chheng/urdf_ws/build/robot/build/lib/robot
[3.702s] running install
[3.710s] running install_lib
[3.748s] creating /home/lydia-chheng/urdf_ws/install/robot/lib/python3.10/site-packages/robot
[3.748s] copying /home/lydia-chheng/urdf_ws/build/robot/build/lib/robot/__init__.py -> /home/lydia-chheng/urdf_ws/install/robot/lib/python3.10/site-packages/robot
[3.749s] byte-compiling /home/lydia-chheng/urdf_ws/install/robot/lib/python3.10/site-packages/robot/__init__.py to __init__.cpython-310.pyc
[3.750s] running install_data
[3.751s] copying resource/robot -> /home/lydia-chheng/urdf_ws/install/robot/share/ament_index/resource_index/packages
[3.751s] copying package.xml -> /home/lydia-chheng/urdf_ws/install/robot/share/robot
[3.752s] copying launch/display.launch.py -> /home/lydia-chheng/urdf_ws/install/robot/share/robot/launch
[3.752s] copying urdf/robot.urdf -> /home/lydia-chheng/urdf_ws/install/robot/share/robot/urdf
[3.752s] copying rviz/display_config.rviz -> /home/lydia-chheng/urdf_ws/install/robot/share/robot/rviz
[3.755s] running install_egg_info
[3.793s] Copying ../../build/robot/robot.egg-info to /home/lydia-chheng/urdf_ws/install/robot/lib/python3.10/site-packages/robot-0.0.0-py3.10.egg-info
[3.795s] running install_scripts
[4.080s] writing list of installed files to '/home/lydia-chheng/urdf_ws/build/robot/install.log'
[4.121s] Invoked command in '/home/lydia-chheng/urdf_ws/src/robot' returned '0': PYTHONPATH=/home/lydia-chheng/urdf_ws/build/robot/prefix_override:/usr/lib/python3/dist-packages/colcon_core/task/python/colcon_distutils_commands:/home/lydia-chheng/urdf_ws/install/robot/lib/python3.10/site-packages:${PYTHONPATH} /usr/bin/python3 -W ignore:setup.py install is deprecated -W ignore:easy_install command is deprecated setup.py egg_info --egg-base ../../build/robot build --build-base /home/lydia-chheng/urdf_ws/build/robot/build install --record /home/lydia-chheng/urdf_ws/build/robot/install.log --single-version-externally-managed install_data --force
