[1.383s] Invoking command in '/home/lydia-chheng/urdf_ws/src/robot': PYTHONPATH=/home/lydia-chheng/urdf_ws/build/robot/prefix_override:/usr/lib/python3/dist-packages/colcon_core/task/python/colcon_distutils_commands:/home/lydia-chheng/urdf_ws/install/robot/lib/python3.10/site-packages:${PYTHONPATH} /usr/bin/python3 -W ignore:setup.py install is deprecated -W ignore:easy_install command is deprecated setup.py egg_info --egg-base ../../build/robot build --build-base /home/lydia-chheng/urdf_ws/build/robot/build install --record /home/lydia-chheng/urdf_ws/build/robot/install.log --single-version-externally-managed install_data
[1.662s] /home/lydia-chheng/.local/lib/python3.10/site-packages/setuptools/_distutils/dist.py:261: UserWarning: Unknown distribution option: 'tests_require'
[1.662s]   warnings.warn(msg)
[1.878s] running egg_info
[1.907s] writing ../../build/robot/robot.egg-info/PKG-INFO
[1.908s] writing dependency_links to ../../build/robot/robot.egg-info/dependency_links.txt
[1.909s] writing requirements to ../../build/robot/robot.egg-info/requires.txt
[1.909s] writing top-level names to ../../build/robot/robot.egg-info/top_level.txt
[1.978s] reading manifest file '../../build/robot/robot.egg-info/SOURCES.txt'
[1.979s] adding license file 'LICENSE'
[1.981s] writing manifest file '../../build/robot/robot.egg-info/SOURCES.txt'
[1.981s] running build
[1.981s] running build_py
[1.981s] copying robot/__init__.py -> /home/lydia-chheng/urdf_ws/build/robot/build/lib/robot
[1.982s] running install
[1.989s] running install_lib
[2.031s] running install_data
[2.033s] copying resource/robot -> /home/lydia-chheng/urdf_ws/install/robot/share/ament_index/resource_index/packages
[2.033s] copying package.xml -> /home/lydia-chheng/urdf_ws/install/robot/share/robot
[2.033s] running install_egg_info
[2.084s] removing '/home/lydia-chheng/urdf_ws/install/robot/lib/python3.10/site-packages/robot-0.0.0-py3.10.egg-info' (and everything under it)
[2.085s] Copying ../../build/robot/robot.egg-info to /home/lydia-chheng/urdf_ws/install/robot/lib/python3.10/site-packages/robot-0.0.0-py3.10.egg-info
[2.087s] running install_scripts
[2.393s] writing list of installed files to '/home/lydia-chheng/urdf_ws/build/robot/install.log'
[2.443s] Invoked command in '/home/lydia-chheng/urdf_ws/src/robot' returned '0': PYTHONPATH=/home/lydia-chheng/urdf_ws/build/robot/prefix_override:/usr/lib/python3/dist-packages/colcon_core/task/python/colcon_distutils_commands:/home/lydia-chheng/urdf_ws/install/robot/lib/python3.10/site-packages:${PYTHONPATH} /usr/bin/python3 -W ignore:setup.py install is deprecated -W ignore:easy_install command is deprecated setup.py egg_info --egg-base ../../build/robot build --build-base /home/lydia-chheng/urdf_ws/build/robot/build install --record /home/lydia-chheng/urdf_ws/build/robot/install.log --single-version-externally-managed install_data
