[1.496s] Invoking command in '/home/lydia-chheng/urdf_ws/src/robot': PYTHONPATH=/home/lydia-chheng/urdf_ws/build/robot/prefix_override:/usr/lib/python3/dist-packages/colcon_core/task/python/colcon_distutils_commands:/home/lydia-chheng/urdf_ws/install/robot/lib/python3.10/site-packages:${PYTHONPATH} /usr/bin/python3 -W ignore:setup.py install is deprecated -W ignore:easy_install command is deprecated setup.py egg_info --egg-base ../../build/robot build --build-base /home/lydia-chheng/urdf_ws/build/robot/build install --record /home/lydia-chheng/urdf_ws/build/robot/install.log --single-version-externally-managed install_data
[1.798s] /home/lydia-chheng/.local/lib/python3.10/site-packages/setuptools/_distutils/dist.py:261: UserWarning: Unknown distribution option: 'tests_require'
[1.798s]   warnings.warn(msg)
[2.012s] running egg_info
[2.050s] writing ../../build/robot/robot.egg-info/PKG-INFO
[2.050s] writing dependency_links to ../../build/robot/robot.egg-info/dependency_links.txt
[2.051s] writing requirements to ../../build/robot/robot.egg-info/requires.txt
[2.052s] writing top-level names to ../../build/robot/robot.egg-info/top_level.txt
[2.124s] reading manifest file '../../build/robot/robot.egg-info/SOURCES.txt'
[2.125s] adding license file 'LICENSE'
[2.127s] writing manifest file '../../build/robot/robot.egg-info/SOURCES.txt'
[2.127s] running build
[2.127s] running build_py
[2.127s] copying robot/__init__.py -> /home/lydia-chheng/urdf_ws/build/robot/build/lib/robot
[2.128s] running install
[2.137s] running install_lib
[2.171s] running install_data
[2.172s] copying resource/robot -> /home/lydia-chheng/urdf_ws/install/robot/share/ament_index/resource_index/packages
[2.172s] copying package.xml -> /home/lydia-chheng/urdf_ws/install/robot/share/robot
[2.173s] creating /home/lydia-chheng/urdf_ws/install/robot/share/robot/launch
[2.173s] copying launch/display.launch.py -> /home/lydia-chheng/urdf_ws/install/robot/share/robot/launch
[2.173s] running install_egg_info
[2.213s] removing '/home/lydia-chheng/urdf_ws/install/robot/lib/python3.10/site-packages/robot-0.0.0-py3.10.egg-info' (and everything under it)
[2.215s] Copying ../../build/robot/robot.egg-info to /home/lydia-chheng/urdf_ws/install/robot/lib/python3.10/site-packages/robot-0.0.0-py3.10.egg-info
[2.216s] running install_scripts
[2.547s] writing list of installed files to '/home/lydia-chheng/urdf_ws/build/robot/install.log'
[2.617s] Invoked command in '/home/lydia-chheng/urdf_ws/src/robot' returned '0': PYTHONPATH=/home/lydia-chheng/urdf_ws/build/robot/prefix_override:/usr/lib/python3/dist-packages/colcon_core/task/python/colcon_distutils_commands:/home/lydia-chheng/urdf_ws/install/robot/lib/python3.10/site-packages:${PYTHONPATH} /usr/bin/python3 -W ignore:setup.py install is deprecated -W ignore:easy_install command is deprecated setup.py egg_info --egg-base ../../build/robot build --build-base /home/lydia-chheng/urdf_ws/build/robot/build install --record /home/lydia-chheng/urdf_ws/build/robot/install.log --single-version-externally-managed install_data
