[0.182s] DEBUG:colcon:Command line arguments: ['/usr/bin/colcon', 'build', '--symlink-install']
[0.182s] DEBUG:colcon:Parsed command line arguments: Namespace(log_base=None, log_level=None, verb_name='build', build_base='build', install_base='install', merge_install=False, symlink_install=True, test_result_base=None, continue_on_error=False, executor='parallel', parallel_workers=4, event_handlers=None, ignore_user_meta=False, metas=['./colcon.meta'], base_paths=['.'], packages_ignore=None, packages_ignore_regex=None, paths=None, packages_up_to=None, packages_up_to_regex=None, packages_above=None, packages_above_and_dependencies=None, packages_above_depth=None, packages_select_by_dep=None, packages_skip_by_dep=None, packages_skip_up_to=None, packages_select_build_failed=False, packages_skip_build_finished=False, packages_select_test_failures=False, packages_skip_test_passed=False, packages_select=None, packages_skip=None, packages_select_regex=None, packages_skip_regex=None, packages_start=None, packages_end=None, allow_overriding=[], cmake_args=None, cmake_target=None, cmake_target_skip_unavailable=False, cmake_clean_cache=False, cmake_clean_first=False, cmake_force_configure=False, mixin_files=None, mixin=None, verb_parser=<colcon_mixin.mixin.mixin_argument.MixinArgumentDecorator object at 0x77adeed3a830>, verb_extension=<colcon_core.verb.build.BuildVerb object at 0x77adeed3a2c0>, main=<bound method BuildVerb.main of <colcon_core.verb.build.BuildVerb object at 0x77adeed3a2c0>>, mixin_verb=('build',))
[0.244s] Level 1:colcon.colcon_core.package_discovery:discover_packages(colcon_meta) check parameters
[0.244s] Level 1:colcon.colcon_core.package_discovery:discover_packages(recursive) check parameters
[0.244s] Level 1:colcon.colcon_core.package_discovery:discover_packages(ignore) check parameters
[0.244s] Level 1:colcon.colcon_core.package_discovery:discover_packages(path) check parameters
[0.244s] Level 1:colcon.colcon_core.package_discovery:discover_packages(colcon_meta) discover
[0.244s] Level 1:colcon.colcon_core.package_discovery:discover_packages(recursive) discover
[0.244s] INFO:colcon.colcon_core.package_discovery:Crawling recursively for packages in '/home/lydia-chheng/urdf_ws'
[0.244s] Level 1:colcon.colcon_core.package_identification:_identify(.) by extensions ['ignore']
[0.245s] Level 1:colcon.colcon_core.package_identification:_identify(.) by extension 'ignore'
[0.245s] Level 1:colcon.colcon_core.package_identification:_identify(.) by extensions ['colcon_pkg']
[0.245s] Level 1:colcon.colcon_core.package_identification:_identify(.) by extension 'colcon_pkg'
[0.245s] Level 1:colcon.colcon_core.package_identification:_identify(.) by extensions ['colcon_meta']
[0.245s] Level 1:colcon.colcon_core.package_identification:_identify(.) by extension 'colcon_meta'
[0.245s] Level 1:colcon.colcon_core.package_identification:_identify(.) by extensions ['cmake', 'python']
[0.245s] Level 1:colcon.colcon_core.package_identification:_identify(.) by extension 'cmake'
[0.245s] Level 1:colcon.colcon_core.package_identification:_identify(.) by extension 'python'
[0.246s] Level 1:colcon.colcon_core.package_identification:_identify(.) by extensions ['python_setup_py']
[0.246s] Level 1:colcon.colcon_core.package_identification:_identify(.) by extension 'python_setup_py'
[0.246s] Level 1:colcon.colcon_core.package_identification:_identify(build) by extensions ['ignore']
[0.246s] Level 1:colcon.colcon_core.package_identification:_identify(build) by extension 'ignore'
[0.246s] Level 1:colcon.colcon_core.package_identification:_identify(build) ignored
[0.246s] Level 1:colcon.colcon_core.package_identification:_identify(install) by extensions ['ignore']
[0.247s] Level 1:colcon.colcon_core.package_identification:_identify(install) by extension 'ignore'
[0.247s] Level 1:colcon.colcon_core.package_identification:_identify(install) ignored
[0.247s] Level 1:colcon.colcon_core.package_identification:_identify(log) by extensions ['ignore']
[0.247s] Level 1:colcon.colcon_core.package_identification:_identify(log) by extension 'ignore'
[0.247s] Level 1:colcon.colcon_core.package_identification:_identify(log) ignored
[0.247s] Level 1:colcon.colcon_core.package_identification:_identify(src) by extensions ['ignore']
[0.248s] Level 1:colcon.colcon_core.package_identification:_identify(src) by extension 'ignore'
[0.248s] Level 1:colcon.colcon_core.package_identification:_identify(src) by extensions ['colcon_pkg']
[0.248s] Level 1:colcon.colcon_core.package_identification:_identify(src) by extension 'colcon_pkg'
[0.248s] Level 1:colcon.colcon_core.package_identification:_identify(src) by extensions ['colcon_meta']
[0.248s] Level 1:colcon.colcon_core.package_identification:_identify(src) by extension 'colcon_meta'
[0.248s] Level 1:colcon.colcon_core.package_identification:_identify(src) by extensions ['cmake', 'python']
[0.248s] Level 1:colcon.colcon_core.package_identification:_identify(src) by extension 'cmake'
[0.248s] Level 1:colcon.colcon_core.package_identification:_identify(src) by extension 'python'
[0.248s] Level 1:colcon.colcon_core.package_identification:_identify(src) by extensions ['python_setup_py']
[0.248s] Level 1:colcon.colcon_core.package_identification:_identify(src) by extension 'python_setup_py'
[0.249s] Level 1:colcon.colcon_core.package_identification:_identify(src/robot) by extensions ['ignore']
[0.249s] Level 1:colcon.colcon_core.package_identification:_identify(src/robot) by extension 'ignore'
[0.249s] Level 1:colcon.colcon_core.package_identification:_identify(src/robot) by extensions ['colcon_pkg']
[0.249s] Level 1:colcon.colcon_core.package_identification:_identify(src/robot) by extension 'colcon_pkg'
[0.249s] Level 1:colcon.colcon_core.package_identification:_identify(src/robot) by extensions ['colcon_meta']
[0.249s] Level 1:colcon.colcon_core.package_identification:_identify(src/robot) by extension 'colcon_meta'
[0.249s] Level 1:colcon.colcon_core.package_identification:_identify(src/robot) by extensions ['cmake', 'python']
[0.249s] Level 1:colcon.colcon_core.package_identification:_identify(src/robot) by extension 'cmake'
[0.250s] Level 1:colcon.colcon_core.package_identification:_identify(src/robot) by extension 'python'
[0.250s] DEBUG:colcon.colcon_core.package_identification:Python package in 'src/robot' passes arguments to the setup() function which requires a different identification extension than 'python'
[0.250s] Level 1:colcon.colcon_core.package_identification:_identify(src/robot) by extensions ['python_setup_py']
[0.250s] Level 1:colcon.colcon_core.package_identification:_identify(src/robot) by extension 'python_setup_py'
[0.635s] DEBUG:colcon.colcon_core.package_identification:Package 'src/robot' with type 'python' and name 'robot'
[0.635s] Level 1:colcon.colcon_core.package_discovery:discover_packages(recursive) using defaults
[0.635s] Level 1:colcon.colcon_core.package_discovery:discover_packages(ignore) discover
[0.635s] Level 1:colcon.colcon_core.package_discovery:discover_packages(ignore) using defaults
[0.635s] Level 1:colcon.colcon_core.package_discovery:discover_packages(path) discover
[0.635s] Level 1:colcon.colcon_core.package_discovery:discover_packages(path) using defaults
[0.681s] Level 1:colcon.colcon_core.package_discovery:discover_packages(prefix_path) check parameters
[0.681s] Level 1:colcon.colcon_core.package_discovery:discover_packages(prefix_path) discover
[0.683s] DEBUG:colcon.colcon_installed_package_information.package_discovery:Found 2 installed packages in /home/lydia-chheng/urdf_ws/install
[0.683s] Level 1:colcon.colcon_core.package_discovery:discover_packages(prefix_path) using defaults
[0.685s] Level 5:colcon.colcon_core.verb:set package 'robot' build argument 'cmake_args' from command line to 'None'
[0.685s] Level 5:colcon.colcon_core.verb:set package 'robot' build argument 'cmake_target' from command line to 'None'
[0.685s] Level 5:colcon.colcon_core.verb:set package 'robot' build argument 'cmake_target_skip_unavailable' from command line to 'False'
[0.685s] Level 5:colcon.colcon_core.verb:set package 'robot' build argument 'cmake_clean_cache' from command line to 'False'
[0.685s] Level 5:colcon.colcon_core.verb:set package 'robot' build argument 'cmake_clean_first' from command line to 'False'
[0.685s] Level 5:colcon.colcon_core.verb:set package 'robot' build argument 'cmake_force_configure' from command line to 'False'
[0.685s] DEBUG:colcon.colcon_core.verb:Building package 'robot' with the following arguments: {'build_base': '/home/lydia-chheng/urdf_ws/build/robot', 'cmake_args': None, 'cmake_clean_cache': False, 'cmake_clean_first': False, 'cmake_force_configure': False, 'cmake_target': None, 'cmake_target_skip_unavailable': False, 'install_base': '/home/lydia-chheng/urdf_ws/install/robot', 'merge_install': False, 'path': '/home/lydia-chheng/urdf_ws/src/robot', 'symlink_install': True, 'test_result_base': None}
[0.685s] INFO:colcon.colcon_core.executor:Executing jobs using 'parallel' executor
[0.687s] DEBUG:colcon.colcon_parallel_executor.executor.parallel:run_until_complete
[0.688s] INFO:colcon.colcon_core.task.python.build:Building Python package in '/home/lydia-chheng/urdf_ws/src/robot'
[0.692s] INFO:colcon.colcon_core.plugin_system:Skipping extension 'colcon_core.shell.bat': Not used on non-Windows systems
[0.693s] INFO:colcon.colcon_core.shell:Skip shell extension 'powershell' for command environment: Not usable outside of PowerShell
[0.693s] DEBUG:colcon.colcon_core.shell:Skip shell extension 'dsv' for command environment
[2.142s] DEBUG:colcon.colcon_core.task.python.build:While undoing a previous installation files outside the Python library path are being ignored: /home/lydia-chheng/urdf_ws/install/robot/share/ament_index/resource_index/packages/robot
[2.142s] DEBUG:colcon.colcon_core.task.python.build:While undoing a previous installation files outside the Python library path are being ignored: /home/lydia-chheng/urdf_ws/install/robot/share/robot/package.xml
[2.142s] DEBUG:colcon.colcon_core.task.python.build:While undoing a previous installation files outside the Python library path are being ignored: /home/lydia-chheng/urdf_ws/install/robot/share/robot/launch/display.launch.py
[2.142s] DEBUG:colcon.colcon_core.task.python.build:While undoing a previous installation files outside the Python library path are being ignored: /home/lydia-chheng/urdf_ws/install/robot/share/robot/urdf/robot.urdf
[2.142s] DEBUG:colcon.colcon_core.task.python.build:While undoing a previous installation files outside the Python library path are being ignored: /home/lydia-chheng/urdf_ws/install/robot/share/robot/rviz/display_config.rviz
[2.147s] DEBUG:colcon.colcon_core.event_handler.log_command:Invoking command in '/home/lydia-chheng/urdf_ws/build/robot': PYTHONPATH=/home/lydia-chheng/urdf_ws/build/robot/prefix_override:/usr/lib/python3/dist-packages/colcon_core/task/python/colcon_distutils_commands:/home/lydia-chheng/urdf_ws/install/robot/lib/python3.10/site-packages:${PYTHONPATH} /usr/bin/python3 -W ignore:setup.py install is deprecated -W ignore:easy_install command is deprecated setup.py develop --editable --build-directory /home/lydia-chheng/urdf_ws/build/robot/build --no-deps symlink_data --force
[3.533s] Level 1:colcon.colcon_core.shell:create_environment_hook('robot', 'pythonpath_develop')
[3.534s] INFO:colcon.colcon_core.shell:Creating environment hook '/home/lydia-chheng/urdf_ws/build/robot/share/robot/hook/pythonpath_develop.ps1'
[3.535s] DEBUG:colcon.colcon_core.event_handler.log_command:Invoked command in '/home/lydia-chheng/urdf_ws/build/robot' returned '0': PYTHONPATH=/home/lydia-chheng/urdf_ws/build/robot/prefix_override:/usr/lib/python3/dist-packages/colcon_core/task/python/colcon_distutils_commands:/home/lydia-chheng/urdf_ws/install/robot/lib/python3.10/site-packages:${PYTHONPATH} /usr/bin/python3 -W ignore:setup.py install is deprecated -W ignore:easy_install command is deprecated setup.py develop --editable --build-directory /home/lydia-chheng/urdf_ws/build/robot/build --no-deps symlink_data --force
[3.537s] INFO:colcon.colcon_core.shell:Creating environment descriptor '/home/lydia-chheng/urdf_ws/build/robot/share/robot/hook/pythonpath_develop.dsv'
[3.539s] INFO:colcon.colcon_core.shell:Creating environment hook '/home/lydia-chheng/urdf_ws/build/robot/share/robot/hook/pythonpath_develop.sh'
[3.548s] Level 1:colcon.colcon_core.environment:checking '/home/lydia-chheng/urdf_ws/install/robot' for CMake module files
[3.549s] Level 1:colcon.colcon_core.environment:checking '/home/lydia-chheng/urdf_ws/install/robot' for CMake config files
[3.551s] Level 1:colcon.colcon_core.environment:checking '/home/lydia-chheng/urdf_ws/install/robot/lib'
[3.552s] Level 1:colcon.colcon_core.environment:checking '/home/lydia-chheng/urdf_ws/install/robot/bin'
[3.552s] Level 1:colcon.colcon_core.environment:checking '/home/lydia-chheng/urdf_ws/install/robot/lib/pkgconfig/robot.pc'
[3.553s] Level 1:colcon.colcon_core.environment:checking '/home/lydia-chheng/urdf_ws/install/robot/lib/python3.10/site-packages'
[3.553s] Level 1:colcon.colcon_core.shell:create_environment_hook('robot', 'pythonpath')
[3.554s] INFO:colcon.colcon_core.shell:Creating environment hook '/home/lydia-chheng/urdf_ws/install/robot/share/robot/hook/pythonpath.ps1'
[3.555s] INFO:colcon.colcon_core.shell:Creating environment descriptor '/home/lydia-chheng/urdf_ws/install/robot/share/robot/hook/pythonpath.dsv'
[3.556s] INFO:colcon.colcon_core.shell:Creating environment hook '/home/lydia-chheng/urdf_ws/install/robot/share/robot/hook/pythonpath.sh'
[3.559s] Level 1:colcon.colcon_core.environment:checking '/home/lydia-chheng/urdf_ws/install/robot/bin'
[3.559s] Level 1:colcon.colcon_core.environment:create_environment_scripts_only(robot)
[3.560s] INFO:colcon.colcon_core.shell:Creating package script '/home/lydia-chheng/urdf_ws/install/robot/share/robot/package.ps1'
[3.564s] INFO:colcon.colcon_core.shell:Creating package descriptor '/home/lydia-chheng/urdf_ws/install/robot/share/robot/package.dsv'
[3.565s] INFO:colcon.colcon_core.shell:Creating package script '/home/lydia-chheng/urdf_ws/install/robot/share/robot/package.sh'
[3.567s] INFO:colcon.colcon_core.shell:Creating package script '/home/lydia-chheng/urdf_ws/install/robot/share/robot/package.bash'
[3.570s] INFO:colcon.colcon_core.shell:Creating package script '/home/lydia-chheng/urdf_ws/install/robot/share/robot/package.zsh'
[3.572s] Level 1:colcon.colcon_core.environment:create_file_with_runtime_dependencies(/home/lydia-chheng/urdf_ws/install/robot/share/colcon-core/packages/robot)
[3.573s] DEBUG:colcon.colcon_parallel_executor.executor.parallel:closing loop
[3.574s] DEBUG:colcon.colcon_parallel_executor.executor.parallel:loop closed
[3.575s] DEBUG:colcon.colcon_parallel_executor.executor.parallel:run_until_complete finished with '0'
[3.575s] DEBUG:colcon.colcon_core.event_reactor:joining thread
[3.592s] INFO:colcon.colcon_core.plugin_system:Skipping extension 'colcon_notification.desktop_notification.terminal_notifier': Not used on non-Darwin systems
[3.593s] INFO:colcon.colcon_core.plugin_system:Skipping extension 'colcon_notification.desktop_notification.win32': Not used on non-Windows systems
[3.593s] INFO:colcon.colcon_notification.desktop_notification:Sending desktop notification using 'notify2'
[3.859s] DEBUG:colcon.colcon_core.event_reactor:joined thread
[3.860s] INFO:colcon.colcon_core.shell:Creating prefix script '/home/lydia-chheng/urdf_ws/install/local_setup.ps1'
[3.862s] INFO:colcon.colcon_core.shell:Creating prefix util module '/home/lydia-chheng/urdf_ws/install/_local_setup_util_ps1.py'
[3.867s] INFO:colcon.colcon_core.shell:Creating prefix chain script '/home/lydia-chheng/urdf_ws/install/setup.ps1'
[3.869s] INFO:colcon.colcon_core.shell:Creating prefix script '/home/lydia-chheng/urdf_ws/install/local_setup.sh'
[3.871s] INFO:colcon.colcon_core.shell:Creating prefix util module '/home/lydia-chheng/urdf_ws/install/_local_setup_util_sh.py'
[3.874s] INFO:colcon.colcon_core.shell:Creating prefix chain script '/home/lydia-chheng/urdf_ws/install/setup.sh'
[3.877s] INFO:colcon.colcon_core.shell:Creating prefix script '/home/lydia-chheng/urdf_ws/install/local_setup.bash'
[3.879s] INFO:colcon.colcon_core.shell:Creating prefix chain script '/home/lydia-chheng/urdf_ws/install/setup.bash'
[3.890s] INFO:colcon.colcon_core.shell:Creating prefix script '/home/lydia-chheng/urdf_ws/install/local_setup.zsh'
[3.895s] INFO:colcon.colcon_core.shell:Creating prefix chain script '/home/lydia-chheng/urdf_ws/install/setup.zsh'
