[0.182s] DEBUG:colcon:Command line arguments: ['/usr/bin/colcon', 'build', '--symlink-install', '--packages-select', 'urdf']
[0.182s] DEBUG:colcon:Parsed command line arguments: Namespace(log_base=None, log_level=None, verb_name='build', build_base='build', install_base='install', merge_install=False, symlink_install=True, test_result_base=None, continue_on_error=False, executor='parallel', parallel_workers=4, event_handlers=None, ignore_user_meta=False, metas=['./colcon.meta'], base_paths=['.'], packages_ignore=None, packages_ignore_regex=None, paths=None, packages_up_to=None, packages_up_to_regex=None, packages_above=None, packages_above_and_dependencies=None, packages_above_depth=None, packages_select_by_dep=None, packages_skip_by_dep=None, packages_skip_up_to=None, packages_select_build_failed=False, packages_skip_build_finished=False, packages_select_test_failures=False, packages_skip_test_passed=False, packages_select=['urdf'], packages_skip=None, packages_select_regex=None, packages_skip_regex=None, packages_start=None, packages_end=None, allow_overriding=[], cmake_args=None, cmake_target=None, cmake_target_skip_unavailable=False, cmake_clean_cache=False, cmake_clean_first=False, cmake_force_configure=False, mixin_files=None, mixin=None, verb_parser=<colcon_mixin.mixin.mixin_argument.MixinArgumentDecorator object at 0x78ada023e440>, verb_extension=<colcon_core.verb.build.BuildVerb object at 0x78ada023df00>, main=<bound method BuildVerb.main of <colcon_core.verb.build.BuildVerb object at 0x78ada023df00>>, mixin_verb=('build',))
[0.239s] Level 1:colcon.colcon_core.package_discovery:discover_packages(colcon_meta) check parameters
[0.240s] Level 1:colcon.colcon_core.package_discovery:discover_packages(recursive) check parameters
[0.240s] Level 1:colcon.colcon_core.package_discovery:discover_packages(ignore) check parameters
[0.240s] Level 1:colcon.colcon_core.package_discovery:discover_packages(path) check parameters
[0.240s] Level 1:colcon.colcon_core.package_discovery:discover_packages(colcon_meta) discover
[0.240s] Level 1:colcon.colcon_core.package_discovery:discover_packages(recursive) discover
[0.240s] INFO:colcon.colcon_core.package_discovery:Crawling recursively for packages in '/home/lydia-chheng/urdf_ws'
[0.240s] Level 1:colcon.colcon_core.package_identification:_identify(.) by extensions ['ignore']
[0.240s] Level 1:colcon.colcon_core.package_identification:_identify(.) by extension 'ignore'
[0.241s] Level 1:colcon.colcon_core.package_identification:_identify(.) by extensions ['colcon_pkg']
[0.241s] Level 1:colcon.colcon_core.package_identification:_identify(.) by extension 'colcon_pkg'
[0.241s] Level 1:colcon.colcon_core.package_identification:_identify(.) by extensions ['colcon_meta']
[0.241s] Level 1:colcon.colcon_core.package_identification:_identify(.) by extension 'colcon_meta'
[0.241s] Level 1:colcon.colcon_core.package_identification:_identify(.) by extensions ['cmake', 'python']
[0.241s] Level 1:colcon.colcon_core.package_identification:_identify(.) by extension 'cmake'
[0.241s] Level 1:colcon.colcon_core.package_identification:_identify(.) by extension 'python'
[0.241s] Level 1:colcon.colcon_core.package_identification:_identify(.) by extensions ['python_setup_py']
[0.241s] Level 1:colcon.colcon_core.package_identification:_identify(.) by extension 'python_setup_py'
[0.242s] Level 1:colcon.colcon_core.package_identification:_identify(build) by extensions ['ignore']
[0.242s] Level 1:colcon.colcon_core.package_identification:_identify(build) by extension 'ignore'
[0.242s] Level 1:colcon.colcon_core.package_identification:_identify(build) ignored
[0.242s] Level 1:colcon.colcon_core.package_identification:_identify(install) by extensions ['ignore']
[0.242s] Level 1:colcon.colcon_core.package_identification:_identify(install) by extension 'ignore'
[0.242s] Level 1:colcon.colcon_core.package_identification:_identify(install) ignored
[0.243s] Level 1:colcon.colcon_core.package_identification:_identify(log) by extensions ['ignore']
[0.243s] Level 1:colcon.colcon_core.package_identification:_identify(log) by extension 'ignore'
[0.243s] Level 1:colcon.colcon_core.package_identification:_identify(log) ignored
[0.243s] Level 1:colcon.colcon_core.package_identification:_identify(src) by extensions ['ignore']
[0.243s] Level 1:colcon.colcon_core.package_identification:_identify(src) by extension 'ignore'
[0.243s] Level 1:colcon.colcon_core.package_identification:_identify(src) by extensions ['colcon_pkg']
[0.244s] Level 1:colcon.colcon_core.package_identification:_identify(src) by extension 'colcon_pkg'
[0.244s] Level 1:colcon.colcon_core.package_identification:_identify(src) by extensions ['colcon_meta']
[0.244s] Level 1:colcon.colcon_core.package_identification:_identify(src) by extension 'colcon_meta'
[0.244s] Level 1:colcon.colcon_core.package_identification:_identify(src) by extensions ['cmake', 'python']
[0.244s] Level 1:colcon.colcon_core.package_identification:_identify(src) by extension 'cmake'
[0.244s] Level 1:colcon.colcon_core.package_identification:_identify(src) by extension 'python'
[0.244s] Level 1:colcon.colcon_core.package_identification:_identify(src) by extensions ['python_setup_py']
[0.244s] Level 1:colcon.colcon_core.package_identification:_identify(src) by extension 'python_setup_py'
[0.244s] Level 1:colcon.colcon_core.package_identification:_identify(src/urdf) by extensions ['ignore']
[0.245s] Level 1:colcon.colcon_core.package_identification:_identify(src/urdf) by extension 'ignore'
[0.245s] Level 1:colcon.colcon_core.package_identification:_identify(src/urdf) by extensions ['colcon_pkg']
[0.245s] Level 1:colcon.colcon_core.package_identification:_identify(src/urdf) by extension 'colcon_pkg'
[0.245s] Level 1:colcon.colcon_core.package_identification:_identify(src/urdf) by extensions ['colcon_meta']
[0.245s] Level 1:colcon.colcon_core.package_identification:_identify(src/urdf) by extension 'colcon_meta'
[0.245s] Level 1:colcon.colcon_core.package_identification:_identify(src/urdf) by extensions ['cmake', 'python']
[0.245s] Level 1:colcon.colcon_core.package_identification:_identify(src/urdf) by extension 'cmake'
[0.245s] Level 1:colcon.colcon_core.package_identification:_identify(src/urdf) by extension 'python'
[0.246s] DEBUG:colcon.colcon_core.package_identification:Python package in 'src/urdf' passes arguments to the setup() function which requires a different identification extension than 'python'
[0.246s] Level 1:colcon.colcon_core.package_identification:_identify(src/urdf) by extensions ['python_setup_py']
[0.246s] Level 1:colcon.colcon_core.package_identification:_identify(src/urdf) by extension 'python_setup_py'
[0.611s] DEBUG:colcon.colcon_core.package_identification:Package 'src/urdf' with type 'python' and name 'urdf'
[0.611s] Level 1:colcon.colcon_core.package_discovery:discover_packages(recursive) using defaults
[0.611s] Level 1:colcon.colcon_core.package_discovery:discover_packages(ignore) discover
[0.611s] Level 1:colcon.colcon_core.package_discovery:discover_packages(ignore) using defaults
[0.611s] Level 1:colcon.colcon_core.package_discovery:discover_packages(path) discover
[0.611s] Level 1:colcon.colcon_core.package_discovery:discover_packages(path) using defaults
[0.644s] Level 1:colcon.colcon_core.package_discovery:discover_packages(prefix_path) check parameters
[0.644s] Level 1:colcon.colcon_core.package_discovery:discover_packages(prefix_path) discover
[0.644s] Level 1:colcon.colcon_core.package_discovery:discover_packages(prefix_path) using defaults
[0.645s] Level 5:colcon.colcon_core.verb:set package 'urdf' build argument 'cmake_args' from command line to 'None'
[0.645s] Level 5:colcon.colcon_core.verb:set package 'urdf' build argument 'cmake_target' from command line to 'None'
[0.645s] Level 5:colcon.colcon_core.verb:set package 'urdf' build argument 'cmake_target_skip_unavailable' from command line to 'False'
[0.646s] Level 5:colcon.colcon_core.verb:set package 'urdf' build argument 'cmake_clean_cache' from command line to 'False'
[0.646s] Level 5:colcon.colcon_core.verb:set package 'urdf' build argument 'cmake_clean_first' from command line to 'False'
[0.646s] Level 5:colcon.colcon_core.verb:set package 'urdf' build argument 'cmake_force_configure' from command line to 'False'
[0.646s] DEBUG:colcon.colcon_core.verb:Building package 'urdf' with the following arguments: {'build_base': '/home/lydia-chheng/urdf_ws/build/urdf', 'cmake_args': None, 'cmake_clean_cache': False, 'cmake_clean_first': False, 'cmake_force_configure': False, 'cmake_target': None, 'cmake_target_skip_unavailable': False, 'install_base': '/home/lydia-chheng/urdf_ws/install/urdf', 'merge_install': False, 'path': '/home/lydia-chheng/urdf_ws/src/urdf', 'symlink_install': True, 'test_result_base': None}
[0.646s] INFO:colcon.colcon_core.executor:Executing jobs using 'parallel' executor
[0.648s] DEBUG:colcon.colcon_parallel_executor.executor.parallel:run_until_complete
[0.648s] INFO:colcon.colcon_core.task.python.build:Building Python package in '/home/lydia-chheng/urdf_ws/src/urdf'
[0.652s] INFO:colcon.colcon_core.plugin_system:Skipping extension 'colcon_core.shell.bat': Not used on non-Windows systems
[0.652s] INFO:colcon.colcon_core.shell:Skip shell extension 'powershell' for command environment: Not usable outside of PowerShell
[0.652s] DEBUG:colcon.colcon_core.shell:Skip shell extension 'dsv' for command environment
[2.258s] DEBUG:colcon.colcon_core.event_handler.log_command:Invoking command in '/home/lydia-chheng/urdf_ws/build/urdf': PYTHONPATH=/home/lydia-chheng/urdf_ws/build/urdf/prefix_override:/usr/lib/python3/dist-packages/colcon_core/task/python/colcon_distutils_commands:/home/lydia-chheng/urdf_ws/install/urdf/lib/python3.10/site-packages:${PYTHONPATH} /usr/bin/python3 -W ignore:setup.py install is deprecated -W ignore:easy_install command is deprecated setup.py develop --editable --build-directory /home/lydia-chheng/urdf_ws/build/urdf/build --no-deps symlink_data
[3.481s] Level 1:colcon.colcon_core.shell:create_environment_hook('urdf', 'pythonpath_develop')
[3.482s] INFO:colcon.colcon_core.shell:Creating environment hook '/home/lydia-chheng/urdf_ws/build/urdf/share/urdf/hook/pythonpath_develop.ps1'
[3.484s] DEBUG:colcon.colcon_core.event_handler.log_command:Invoked command in '/home/lydia-chheng/urdf_ws/build/urdf' returned '0': PYTHONPATH=/home/lydia-chheng/urdf_ws/build/urdf/prefix_override:/usr/lib/python3/dist-packages/colcon_core/task/python/colcon_distutils_commands:/home/lydia-chheng/urdf_ws/install/urdf/lib/python3.10/site-packages:${PYTHONPATH} /usr/bin/python3 -W ignore:setup.py install is deprecated -W ignore:easy_install command is deprecated setup.py develop --editable --build-directory /home/lydia-chheng/urdf_ws/build/urdf/build --no-deps symlink_data
[3.486s] INFO:colcon.colcon_core.shell:Creating environment descriptor '/home/lydia-chheng/urdf_ws/build/urdf/share/urdf/hook/pythonpath_develop.dsv'
[3.489s] INFO:colcon.colcon_core.shell:Creating environment hook '/home/lydia-chheng/urdf_ws/build/urdf/share/urdf/hook/pythonpath_develop.sh'
[3.501s] Level 1:colcon.colcon_core.environment:checking '/home/lydia-chheng/urdf_ws/install/urdf' for CMake module files
[3.502s] Level 1:colcon.colcon_core.environment:checking '/home/lydia-chheng/urdf_ws/install/urdf' for CMake config files
[3.505s] Level 1:colcon.colcon_core.environment:checking '/home/lydia-chheng/urdf_ws/install/urdf/lib'
[3.505s] Level 1:colcon.colcon_core.environment:checking '/home/lydia-chheng/urdf_ws/install/urdf/bin'
[3.506s] Level 1:colcon.colcon_core.environment:checking '/home/lydia-chheng/urdf_ws/install/urdf/lib/pkgconfig/urdf.pc'
[3.506s] Level 1:colcon.colcon_core.environment:checking '/home/lydia-chheng/urdf_ws/install/urdf/lib/python3.10/site-packages'
[3.506s] Level 1:colcon.colcon_core.shell:create_environment_hook('urdf', 'pythonpath')
[3.508s] INFO:colcon.colcon_core.shell:Creating environment hook '/home/lydia-chheng/urdf_ws/install/urdf/share/urdf/hook/pythonpath.ps1'
[3.509s] INFO:colcon.colcon_core.shell:Creating environment descriptor '/home/lydia-chheng/urdf_ws/install/urdf/share/urdf/hook/pythonpath.dsv'
[3.510s] INFO:colcon.colcon_core.shell:Creating environment hook '/home/lydia-chheng/urdf_ws/install/urdf/share/urdf/hook/pythonpath.sh'
[3.514s] Level 1:colcon.colcon_core.environment:checking '/home/lydia-chheng/urdf_ws/install/urdf/bin'
[3.514s] Level 1:colcon.colcon_core.environment:create_environment_scripts_only(urdf)
[3.515s] INFO:colcon.colcon_core.shell:Creating package script '/home/lydia-chheng/urdf_ws/install/urdf/share/urdf/package.ps1'
[3.518s] INFO:colcon.colcon_core.shell:Creating package descriptor '/home/lydia-chheng/urdf_ws/install/urdf/share/urdf/package.dsv'
[3.520s] INFO:colcon.colcon_core.shell:Creating package script '/home/lydia-chheng/urdf_ws/install/urdf/share/urdf/package.sh'
[3.523s] INFO:colcon.colcon_core.shell:Creating package script '/home/lydia-chheng/urdf_ws/install/urdf/share/urdf/package.bash'
[3.526s] INFO:colcon.colcon_core.shell:Creating package script '/home/lydia-chheng/urdf_ws/install/urdf/share/urdf/package.zsh'
[3.528s] Level 1:colcon.colcon_core.environment:create_file_with_runtime_dependencies(/home/lydia-chheng/urdf_ws/install/urdf/share/colcon-core/packages/urdf)
[3.529s] DEBUG:colcon.colcon_parallel_executor.executor.parallel:closing loop
[3.529s] DEBUG:colcon.colcon_parallel_executor.executor.parallel:loop closed
[3.530s] DEBUG:colcon.colcon_parallel_executor.executor.parallel:run_until_complete finished with '0'
[3.530s] DEBUG:colcon.colcon_core.event_reactor:joining thread
[3.543s] INFO:colcon.colcon_core.plugin_system:Skipping extension 'colcon_notification.desktop_notification.terminal_notifier': Not used on non-Darwin systems
[3.544s] INFO:colcon.colcon_core.plugin_system:Skipping extension 'colcon_notification.desktop_notification.win32': Not used on non-Windows systems
[3.544s] INFO:colcon.colcon_notification.desktop_notification:Sending desktop notification using 'notify2'
[3.602s] DEBUG:colcon.colcon_core.event_reactor:joined thread
[3.604s] INFO:colcon.colcon_core.shell:Creating prefix script '/home/lydia-chheng/urdf_ws/install/local_setup.ps1'
[3.609s] INFO:colcon.colcon_core.shell:Creating prefix util module '/home/lydia-chheng/urdf_ws/install/_local_setup_util_ps1.py'
[3.613s] INFO:colcon.colcon_core.shell:Creating prefix chain script '/home/lydia-chheng/urdf_ws/install/setup.ps1'
[3.616s] INFO:colcon.colcon_core.shell:Creating prefix script '/home/lydia-chheng/urdf_ws/install/local_setup.sh'
[3.618s] INFO:colcon.colcon_core.shell:Creating prefix util module '/home/lydia-chheng/urdf_ws/install/_local_setup_util_sh.py'
[3.620s] INFO:colcon.colcon_core.shell:Creating prefix chain script '/home/lydia-chheng/urdf_ws/install/setup.sh'
[3.622s] INFO:colcon.colcon_core.shell:Creating prefix script '/home/lydia-chheng/urdf_ws/install/local_setup.bash'
[3.624s] INFO:colcon.colcon_core.shell:Creating prefix chain script '/home/lydia-chheng/urdf_ws/install/setup.bash'
[3.626s] INFO:colcon.colcon_core.shell:Creating prefix script '/home/lydia-chheng/urdf_ws/install/local_setup.zsh'
[3.628s] INFO:colcon.colcon_core.shell:Creating prefix chain script '/home/lydia-chheng/urdf_ws/install/setup.zsh'
